1,31,江睿思
4,32,姚德华
4,33,蔡景铄
2,34,江雅健
1,35,余天纵
2,36,梁星辰
5,37,萧冠宇
1,38,金祺福
4,39,夏华藏
1,40,田高扬
4,41,魏鸿博
4,42,金鸿德
6,43,周光临
5,44,龙浩壤
4,45,周奇迈
5,46,于项禹
2,47,林文栋
6,48,孙天禄
2,49,谢元青
5,50,康绍元
1,51,夏浩瀚
6,52,钟高阳
5,53,孔文星
5,54,曾振海
3,55,顾修齐
3,56,康伟才
3,57,尹宏恺
2,58,郑泰河
3,59,武华荣
2,60,夏宇荫
3,61,吕俊风
3,62,王阳成
6,63,石浩然
5,64,熊嘉颖
1,65,周经武
3,66,常伟毅
1,67,曹博达
5,68,胡奇文
4,69,曹德水
5,70,石高杰
2,71,蔡天罡
5,72,卢俊誉
1,73,许飞雨
3,74,崔和蔼
6,75,魏晟睿
3,76,杨鹏程
1,77,毛英杰
5,78,黄波光
5,79,康志行
5,80,黎志泽
6,81,段茂德
3,82,周子琪
6,83,余兴庆
2,84,曾炫明
3,85,秦正祥
1,86,孙鸿云
5,87,陆乐意
4,88,武奇迈
5,89,马承泽
6,90,王乐游
4,91,范鹏鲸
4,92,易星光
2,93,周高原
6,94,夏星洲
6,95,邹良策
3,96,戴子明
3,97,赵宏富
5,98,常乐邦
3,99,赖雅昶
4,100,沈天成
6,101,谭嘉瑞
4,102,夏彭魄
6,103,曾弘懿
3,104,何成和
3,105,周德佑
4,106,林康复
3,107,阎庆生
5,108,廖绍元
1,109,阎建树
5,110,易文德
6,111,邵飞鸾
6,112,林奇伟
3,113,蒋咏歌
5,114,郑鹏鲲
5,115,沈新翰
3,116,常彭魄
5,117,石开朗
2,118,康修杰
3,119,邵建木
4,120,孔瑾瑜
2,121,阎茂勋
6,122,吕正谊
1,123,毛茂典
1,124,何国安
4,125,金阳飇
2,126,赵康泰
3,127,徐俊艾
5,128,高修永
2,129,廖飞鸣
1,130,曹鸿达
4,131,田弘深
3,132,傅光济
4,133,林永寿
4,134,宋嘉誉
2,135,夏永福
1,136,徐飞星
4,137,白蕴藉
5,138,万星宇
2,139,郭高超
3,140,漕文斌
2,141,阎元凯
1,142,孙景龙
4,143,石博涛
1,144,曾锐泽
4,145,龚俊材
4,146,杜嘉誉
2,147,萧乐天
4,148,段茂实
6,149,范承平
4,150,方和泽
1,151,秦建华
1,152,白德本
6,153,易雅畅
6,154,段安易
4,155,林烨熠
4,156,杜英杰
6,157,于俊艾
1,158,邱星纬
2,159,易高芬
5,160,唐建本
2,161,王天逸
5,162,吴涵忍
5,163,文元良
3,164,黄安平
1,165,陆烨伟
3,166,乔展鹏
5,167,刘景铄
3,168,万涵润
5,169,钟泽宇
6,170,潘俊茂
1,171,王志诚
1,172,郑嘉庆
5,173,熊黎昕
3,174,冷雅韶
6,175,林姝美
1,176,瞿玄静
1,177,古芮波
6,178,庄婧瑶
2,179,宦暄妍
1,180,赵悠婉
4,181,扶彩妍
3,182,赖慧云
3,183,汪雨晴
6,184,辛嘉言
4,185,阚绿旋
3,186,宦知慧
3,187,那乐怡
5,188,公芮澜
1,189,从博丽
5,190,甄杰秀
2,191,姜林帆
2,192,黎采绿
5,193,隆傲菡
4,194,黄春雁
4,195,濮润洁
1,196,詹问旋
1,197,冯虹星
1,198,翟笑槐
1,199,印云飞
1,200,晃芳荃
6,201,曹承文
1,202,许昱瑛
6,203,印雅楠
1,204,周景怡
3,205,谷君洁
2,206,乔海萍
6,207,欧洛灵
5,208,阚寄春
6,209,游芦雪
5,210,龚苏幻
6,211,卢国娟
5,212,董昕葳
1,213,党丽文
1,214,池静雅
3,215,菱阳霁
6,216,羿安静
4,217,巢绿柏
2,218,阴韶敏
3,219,饶雨筠
5,220,徐国琴
1,221,聂嘉懿
5,222,寇会雯
3,223,丁沛文
5,224,薛逸云
3,225,终碧菡
3,226,史书桃
6,227,蔡昭懿
6,228,惠秋颖
6,229,利灵萱
4,230,瞿轩秀
1,231,勾元香
6,232,容飞双
6,233,杨庄夏
2,234,谭音悦
2,235,乔翠琴
3,236,赖紫霜
1,237,高秀英
6,238,蒙笑蓝
2,239,勾芦雪
5,240,富幻枫
6,241,聂桂枫
1,242,叶珠轩
4,243,康林娜
3,244,田婉然
2,245,李景文
3,246,何运馨
1,247,逯初夏
5,248,牛翠霜
1,249,杜叶欣
2,250,郁千亦
2,251,暴梦晨
6,252,袁君雅
2,253,蔚梦洁
1,254,郜立芬
5,255,张琰琬
4,256,劳白曼
6,257,厉尔风
2,258,宿芷兰
3,259,段文惠
1,260,寿艾达
3,261,卓姝美
5,262,方湛霞
4,263,暨子亦
4,264,禄璟雯
5,265,聂艳卉
4,266,卢田然