223,丁沛文
138,万星宇
168,万涵润
166,乔展鹏
206,乔海萍
235,乔翠琴
157,于俊艾
46,于项禹
189,从博丽
124,何国安
104,何成和
246,何运馨
83,余兴庆
35,余天纵
132,傅光济
213,党丽文
188,公芮澜
197,冯虹星
174,冷雅韶
167,刘景铄
229,利灵萱
256,劳白曼
231,勾元香
239,勾芦雪
261,卓姝美
72,卢俊誉
211,卢国娟
266,卢田然
199,印云飞
203,印雅楠
257,厉尔风
177,古芮波
226,史书桃
242,叶珠轩
61,吕俊风
122,吕正谊
162,吴涵忍
43,周光临
45,周奇迈
82,周子琪
105,周德佑
204,周景怡
65,周经武
93,周高原
160,唐建本
39,夏华藏
60,夏宇荫
102,夏彭魄
94,夏星洲
135,夏永福
51,夏浩瀚
32,姚德华
191,姜林帆
53,孔文星
120,孔瑾瑜
48,孙天禄
142,孙景龙
86,孙鸿云
134,宋嘉誉
179,宦暄妍
186,宦知慧
232,容飞双
258,宿芷兰
222,寇会雯
240,富幻枫
260,寿艾达
57,尹宏恺
74,崔和蔼
217,巢绿柏
98,常乐邦
66,常伟毅
116,常彭魄
178,庄婧瑶
56,康伟才
118,康修杰
79,康志行
243,康林娜
50,康绍元
108,廖绍元
129,廖飞鸣
255,张琰琬
127,徐俊艾
220,徐国琴
136,徐飞星
228,惠秋颖
96,戴子明
181,扶彩妍
163,文元良
150,方和泽
262,方湛霞
110,易文德
92,易星光
153,易雅畅
159,易高芬
200,晃芳荃
263,暨子亦
251,暴梦晨
67,曹博达
69,曹德水
201,曹承文
130,曹鸿达
103,曾弘懿
54,曾振海
84,曾炫明
144,曾锐泽
245,李景文
249,杜叶欣
146,杜嘉誉
156,杜英杰
233,杨庄夏
76,杨鹏程
112,林奇伟
175,林姝美
106,林康复
47,林文栋
133,林永寿
155,林烨熠
36,梁星辰
207,欧洛灵
59,武华荣
88,武奇迈
154,段安易
259,段文惠
148,段茂实
81,段茂德
77,毛英杰
123,毛茂典
31,江睿思
34,江雅健
214,池静雅
183,汪雨晴
100,沈天成
115,沈新翰
209,游芦雪
140,漕文斌
170,潘俊茂
195,濮润洁
64,熊嘉颖
173,熊黎昕
248,牛翠霜
90,王乐游
161,王天逸
171,王志诚
62,王阳成
190,甄杰秀
244,田婉然
131,田弘深
40,田高扬
152,白德本
137,白蕴藉
176,瞿玄静
230,瞿轩秀
143,石博涛
117,石开朗
63,石浩然
70,石高杰
264,禄璟雯
151,秦建华
85,秦正祥
225,终碧菡
216,羿安静
198,翟笑槐
221,聂嘉懿
241,聂桂枫
265,聂艳卉
68,胡奇文
149,范承平
91,范鹏鲸
215,菱阳霁
147,萧乐天
37,萧冠宇
212,董昕葳
113,蒋咏歌
238,蒙笑蓝
253,蔚梦洁
71,蔡天罡
227,蔡昭懿
33,蔡景铄
224,薛逸云
252,袁君雅
196,詹问旋
202,许昱瑛
73,许飞雨
49,谢元青
101,谭嘉瑞
234,谭音悦
205,谷君洁
182,赖慧云
236,赖紫霜
99,赖雅昶
97,赵宏富
126,赵康泰
180,赵悠婉
184,辛嘉言
247,逯初夏
187,那乐怡
158,邱星纬
119,邵建木
111,邵飞鸾
95,邹良策
250,郁千亦
172,郑嘉庆
58,郑泰河
114,郑鹏鲲
254,郜立芬
139,郭高超
38,金祺福
125,金阳飇
42,金鸿德
169,钟泽宇
52,钟高阳
141,阎元凯
107,阎庆生
109,阎建树
121,阎茂勋
208,阚寄春
185,阚绿旋
218,阴韶敏
87,陆乐意
165,陆烨伟
193,隆傲菡
55,顾修齐
219,饶雨筠
89,马承泽
128,高修永
237,高秀英
75,魏晟睿
41,魏鸿博
164,黄安平
194,黄春雁
78,黄波光
80,黎志泽
192,黎采绿
44,龙浩壤
145,龚俊材
210,龚苏幻